<?xml version="1.0" encoding="UTF-8"?>
<!-- Generated by org.testng.reporters.JUnitReportReporter -->
<testsuite hostname="SAP-WS188" name="com.cucumber.salesforce.login.GmailLogin" tests="1" failures="0" timestamp="24 Jan 2014 14:43:57 GMT" time="13.820" errors="0">
  <testcase name="gmail" time="13.820" classname="com.cucumber.salesforce.login.GmailLogin"/>
</testsuite> <!-- com.cucumber.salesforce.login.GmailLogin -->
