<?xml version="1.0" encoding="UTF-8"?>
<!-- Generated by org.testng.reporters.JUnitReportReporter -->
<testsuite hostname="SAP-WS188" name="com.cucumber.salesforce.login.LoginTest" tests="1" failures="0" timestamp="21 Jan 2014 17:08:38 GMT" time="15.060" errors="0">
  <testcase name="test1" time="15.060" classname="com.cucumber.salesforce.login.LoginTest"/>
</testsuite> <!-- com.cucumber.salesforce.login.LoginTest -->
